\BOOKMARK [1][-]{section.1}{\376\377\000S\000i\000g\000n\000a\000l\000\040\000M\000o\000d\000e\000l\000i\000n\000g}{}% 1
\BOOKMARK [2][-]{subsection.1.1}{\376\377\000S\000i\000g\000n\000a\000l\000\040\000M\000o\000d\000e\000l\000\040\000P\000r\000o\000j\000e\000c\000t\000i\000o\000n\000s}{section.1}% 2
\BOOKMARK [1][-]{section.2}{\376\377\000R\000e\000s\000o\000n\000a\000n\000t\000\040\000B\000a\000c\000k\000g\000r\000o\000u\000n\000d\000\040\000M\000o\000d\000e\000l\000i\000n\000g}{}% 3
\BOOKMARK [2][-]{subsection.2.1}{\376\377\000R\000e\000s\000o\000n\000a\000n\000t\000\040\000B\000a\000c\000k\000g\000r\000o\000u\000n\000d\000\040\000C\000o\000n\000t\000r\000o\000l\000\040\000R\000e\000g\000i\000o\000n\000s}{section.2}% 4
\BOOKMARK [2][-]{subsection.2.2}{\376\377\000Z\000\040\000R\000e\000s\000o\000n\000a\000n\000t\000\040\000B\000a\000c\000k\000g\000r\000o\000u\000n\000d}{section.2}% 5
\BOOKMARK [2][-]{subsection.2.3}{\376\377\000H\000i\000g\000g\000s\000\040\000D\000a\000l\000i\000t\000z\000\040\000R\000e\000s\000o\000n\000a\000n\000t\000\040\000B\000a\000c\000k\000g\000r\000o\000u\000n\000d}{section.2}% 6
\BOOKMARK [1][-]{section.3}{\376\377\000N\000o\000n\000-\000R\000e\000s\000o\000n\000a\000n\000t\000\040\000B\000a\000c\000k\000g\000r\000o\000u\000n\000d\000\040\000M\000o\000d\000e\000l}{}% 7
\BOOKMARK [2][-]{subsection.3.1}{\376\377\000N\000o\000n\000-\000R\000e\000s\000o\000n\000a\000n\000t\000\040\000B\000a\000c\000k\000g\000r\000o\000u\000n\000d\000\040\000P\000r\000o\000j\000e\000c\000t\000i\000o\000n\000s}{section.3}% 8
\BOOKMARK [1][-]{section.4}{\376\377\000S\000t\000a\000t\000i\000s\000t\000i\000c\000a\000l\000\040\000M\000o\000d\000e\000l}{}% 9
\BOOKMARK [2][-]{subsection.4.1}{\376\377\000B\000u\000n\000d\000l\000e\000d\000\040\000W\000o\000r\000k\000s\000p\000a\000c\000e\000\040\000P\000r\000o\000j\000e\000c\000t\000i\000o\000n\000s}{section.4}% 10
\BOOKMARK [1][-]{section.5}{\376\377\000L\000i\000m\000i\000t\000s}{}% 11
\BOOKMARK [1][-]{section.6}{\376\377\000B\000i\000a\000s\000\040\000S\000t\000u\000d\000y\000\040\000-\000\040\000T\000o\000y\000s}{}% 12
\BOOKMARK [2][-]{subsection.6.1}{\376\377\000B\000i\000a\000s\000\040\000S\000t\000u\000d\000y\000\040\000P\000u\000l\000l\000\040\000S\000c\000a\000t\000t\000e\000r}{section.6}% 13
\BOOKMARK [1][-]{section*.28}{\376\377\000A\000p\000p\000e\000n\000d\000i\000x}{}% 14
\BOOKMARK [1][-]{appendix.A}{\376\377\000S\000i\000g\000n\000a\000l\000\040\000M\000o\000d\000e\000l\000i\000n\000g}{}% 15
\BOOKMARK [1][-]{appendix.B}{\376\377\000R\000e\000s\000o\000n\000a\000n\000t\000\040\000B\000a\000c\000k\000g\000r\000o\000u\000n\000d\000\040\000M\000o\000d\000e\000l\000i\000n\000g}{}% 16
\BOOKMARK [1][-]{appendix.C}{\376\377\000N\000o\000n\000-\000R\000e\000s\000o\000n\000a\000n\000t\000\040\000B\000a\000c\000k\000g\000r\000o\000u\000n\000d\000\040\000M\000o\000d\000e\000l}{}% 17
\BOOKMARK [1][-]{appendix.D}{\376\377\000S\000t\000a\000t\000i\000s\000t\000i\000c\000a\000l\000\040\000M\000o\000d\000e\000l}{}% 18
\BOOKMARK [1][-]{appendix.E}{\376\377\000L\000i\000m\000i\000t\000s}{}% 19
\BOOKMARK [1][-]{appendix.F}{\376\377\000B\000i\000a\000s\000\040\000S\000t\000u\000d\000y\000\040\000-\000\040\000T\000o\000y\000s}{}% 20
\BOOKMARK [2][-]{subsection.F.1}{\376\377\000B\000i\000a\000s\000\040\000S\000t\000u\000d\000y\000\040\000P\000u\000l\000l\000\040\000S\000c\000a\000t\000t\000e\000r\000\040\000P\000l\000o\000t\000s}{appendix.F}% 21
\BOOKMARK [2][-]{subsection.F.2}{\376\377\000B\000i\000a\000s\000\040\000S\000t\000u\000d\000y\000\040\000H\000e\000a\000t\000m\000a\000p\000s}{appendix.F}% 22
\BOOKMARK [2][-]{subsection.F.3}{\376\377\000Z\000\040\000s\000e\000p\000a\000r\000a\000t\000e\000\040\000U\000p\000s\000i\000l\000o\000n\000\050\0001\000S\000\051\000\040\000P\000O\000I}{appendix.F}% 23
\BOOKMARK [2][-]{subsection.F.4}{\376\377\000Z\000\040\000s\000e\000p\000a\000r\000a\000t\000e\000\040\000U\000p\000s\000i\000l\000o\000n\000\050\0002\000S\000\051\000\040\000P\000O\000I}{appendix.F}% 24
\BOOKMARK [2][-]{subsection.F.5}{\376\377\000Z\000\040\000s\000e\000p\000a\000r\000a\000t\000e\000\040\000U\000p\000s\000i\000l\000o\000n\000\050\0003\000S\000\051\000\040\000P\000O\000I}{appendix.F}% 25
\BOOKMARK [2][-]{subsection.F.6}{\376\377\000Z\000\040\000g\000r\000o\000u\000p\000e\000d\000\040\000U\000p\000s\000i\000l\000o\000n\000\050\000n\000S\000\051\000\040\000P\000O\000I}{appendix.F}% 26
\BOOKMARK [2][-]{subsection.F.7}{\376\377\000H\000\040\000s\000e\000p\000a\000r\000a\000t\000e\000\040\000U\000p\000s\000i\000l\000o\000n\000\050\0001\000S\000\051\000\040\000P\000O\000I}{appendix.F}% 27
\BOOKMARK [2][-]{subsection.F.8}{\376\377\000H\000\040\000s\000e\000p\000a\000r\000a\000t\000e\000\040\000U\000p\000s\000i\000l\000o\000n\000\050\0002\000S\000\051\000\040\000P\000O\000I}{appendix.F}% 28
\BOOKMARK [2][-]{subsection.F.9}{\376\377\000H\000\040\000s\000e\000p\000a\000r\000a\000t\000e\000\040\000U\000p\000s\000i\000l\000o\000n\000\050\0003\000S\000\051\000\040\000P\000O\000I}{appendix.F}% 29
\BOOKMARK [2][-]{subsection.F.10}{\376\377\000H\000\040\000g\000r\000o\000u\000p\000e\000d\000\040\000U\000p\000s\000i\000l\000o\000n\000\050\000n\000S\000\051\000\040\000P\000O\000I}{appendix.F}% 30
